  Book.cpp
  Date.cpp
  LibApp.cpp
  LibAppMain.cpp
  Menu.cpp
  Publication.cpp
  PublicationSelector.cpp
  Streamable.cpp
  Utils.cpp
  pubSel_Tester.cpp
  Generating Code...
pubSel_Tester.obj : error LNK2005: main already defined in LibAppMain.obj
C:\Users\kabir\OneDrive\Desktop\Milestone 5\x64\Debug\Milestone 5.exe : fatal error LNK1169: one or more multiply defined symbols found
